{"__type":"$$EventMessageWorkflow","id":"2e253dfc-e9e8-4ad9-9d95-e733fa746f2d","ts":"2026-01-01T07:29:05.932+00:00","eventName":"n8n.workflow.started","message":"n8n.workflow.started","payload":{"executionId":"8","workflowId":"CVaHpLgSYnX8BtoV","isManual":false,"workflowName":"네이버 뉴스 → 텔레그램 알림"}}
{"__type":"$$EventMessageConfirm","confirm":"2e253dfc-e9e8-4ad9-9d95-e733fa746f2d","ts":"2026-01-01T07:29:05.932+00:00","source":{"id":"0","name":"eventBus"}}
{"__type":"$$EventMessageNode","id":"8b86554c-9b8f-4c8b-a4dd-35841d151b6f","ts":"2026-01-01T07:29:05.935+00:00","eventName":"n8n.node.started","message":"n8n.node.started","payload":{"workflowId":"CVaHpLgSYnX8BtoV","workflowName":"네이버 뉴스 → 텔레그램 알림","executionId":"8","nodeType":"n8n-nodes-base.cron","nodeName":"Cron","nodeId":"f970747c-842d-45af-880c-a14f4843f075"}}
{"__type":"$$EventMessageConfirm","confirm":"8b86554c-9b8f-4c8b-a4dd-35841d151b6f","ts":"2026-01-01T07:29:05.935+00:00","source":{"id":"0","name":"eventBus"}}
{"__type":"$$EventMessageNode","id":"457622c7-1e76-4862-9ecd-6663697f0d83","ts":"2026-01-01T07:29:05.952+00:00","eventName":"n8n.node.finished","message":"n8n.node.finished","payload":{"workflowId":"CVaHpLgSYnX8BtoV","workflowName":"네이버 뉴스 → 텔레그램 알림","executionId":"8","nodeType":"n8n-nodes-base.cron","nodeName":"Cron","nodeId":"f970747c-842d-45af-880c-a14f4843f075"}}
{"__type":"$$EventMessageConfirm","confirm":"457622c7-1e76-4862-9ecd-6663697f0d83","ts":"2026-01-01T07:29:05.952+00:00","source":{"id":"0","name":"eventBus"}}
{"__type":"$$EventMessageNode","id":"67ad7ce7-0b9d-4103-ae47-f1841c0c22f6","ts":"2026-01-01T07:29:05.954+00:00","eventName":"n8n.node.started","message":"n8n.node.started","payload":{"workflowId":"CVaHpLgSYnX8BtoV","workflowName":"네이버 뉴스 → 텔레그램 알림","executionId":"8","nodeType":"n8n-nodes-base.httpRequest","nodeName":"Fetch RSS","nodeId":"a58f72fc-5403-41a3-bc8d-115636ab3560"}}
{"__type":"$$EventMessageConfirm","confirm":"67ad7ce7-0b9d-4103-ae47-f1841c0c22f6","ts":"2026-01-01T07:29:05.954+00:00","source":{"id":"0","name":"eventBus"}}
{"__type":"$$EventMessageNode","id":"7f30f51e-c81a-4f04-a4e5-316cf92d12c2","ts":"2026-01-01T07:29:06.136+00:00","eventName":"n8n.node.finished","message":"n8n.node.finished","payload":{"workflowId":"CVaHpLgSYnX8BtoV","workflowName":"네이버 뉴스 → 텔레그램 알림","executionId":"8","nodeType":"n8n-nodes-base.httpRequest","nodeName":"Fetch RSS","nodeId":"a58f72fc-5403-41a3-bc8d-115636ab3560"}}
{"__type":"$$EventMessageConfirm","confirm":"7f30f51e-c81a-4f04-a4e5-316cf92d12c2","ts":"2026-01-01T07:29:06.136+00:00","source":{"id":"0","name":"eventBus"}}
{"__type":"$$EventMessageWorkflow","id":"55273443-4fae-443d-8f03-2d2738502b28","ts":"2026-01-01T07:29:06.144+00:00","eventName":"n8n.workflow.failed","message":"n8n.workflow.failed","payload":{"userId":"ac0fb4b0-f1e6-4d1c-98b3-8f7e111544ba","executionId":"8","success":false,"isManual":true,"workflowId":"CVaHpLgSYnX8BtoV","workflowName":"네이버 뉴스 → 텔레그램 알림","lastNodeExecuted":"Fetch RSS","errorNodeType":"n8n-nodes-base.httpRequest","errorMessage":"The resource you are requesting could not be found"}}
{"__type":"$$EventMessageConfirm","confirm":"55273443-4fae-443d-8f03-2d2738502b28","ts":"2026-01-01T07:29:06.144+00:00","source":{"id":"0","name":"eventBus"}}
{"__type":"$$EventMessageWorkflow","id":"651966db-5634-4860-b0cd-b3510b0e3fbf","ts":"2026-01-01T07:29:24.614+00:00","eventName":"n8n.workflow.started","message":"n8n.workflow.started","payload":{"executionId":"9","workflowId":"CVaHpLgSYnX8BtoV","isManual":false,"workflowName":"네이버 뉴스 → 텔레그램 알림"}}
{"__type":"$$EventMessageConfirm","confirm":"651966db-5634-4860-b0cd-b3510b0e3fbf","ts":"2026-01-01T07:29:24.614+00:00","source":{"id":"0","name":"eventBus"}}
{"__type":"$$EventMessageNode","id":"1f9852fb-c35a-4aec-ab4e-73bf54b81959","ts":"2026-01-01T07:29:24.616+00:00","eventName":"n8n.node.started","message":"n8n.node.started","payload":{"workflowId":"CVaHpLgSYnX8BtoV","workflowName":"네이버 뉴스 → 텔레그램 알림","executionId":"9","nodeType":"n8n-nodes-base.cron","nodeName":"Cron","nodeId":"f970747c-842d-45af-880c-a14f4843f075"}}
{"__type":"$$EventMessageConfirm","confirm":"1f9852fb-c35a-4aec-ab4e-73bf54b81959","ts":"2026-01-01T07:29:24.616+00:00","source":{"id":"0","name":"eventBus"}}
{"__type":"$$EventMessageNode","id":"54c501fe-a8bd-4c3d-b070-3afba0e2b120","ts":"2026-01-01T07:29:24.629+00:00","eventName":"n8n.node.finished","message":"n8n.node.finished","payload":{"workflowId":"CVaHpLgSYnX8BtoV","workflowName":"네이버 뉴스 → 텔레그램 알림","executionId":"9","nodeType":"n8n-nodes-base.cron","nodeName":"Cron","nodeId":"f970747c-842d-45af-880c-a14f4843f075"}}
{"__type":"$$EventMessageConfirm","confirm":"54c501fe-a8bd-4c3d-b070-3afba0e2b120","ts":"2026-01-01T07:29:24.629+00:00","source":{"id":"0","name":"eventBus"}}
{"__type":"$$EventMessageNode","id":"6613a6b0-4244-4282-b1ab-af3f0d9338ea","ts":"2026-01-01T07:29:24.631+00:00","eventName":"n8n.node.started","message":"n8n.node.started","payload":{"workflowId":"CVaHpLgSYnX8BtoV","workflowName":"네이버 뉴스 → 텔레그램 알림","executionId":"9","nodeType":"n8n-nodes-base.httpRequest","nodeName":"Fetch RSS","nodeId":"a58f72fc-5403-41a3-bc8d-115636ab3560"}}
{"__type":"$$EventMessageConfirm","confirm":"6613a6b0-4244-4282-b1ab-af3f0d9338ea","ts":"2026-01-01T07:29:24.631+00:00","source":{"id":"0","name":"eventBus"}}
{"__type":"$$EventMessageNode","id":"dbb74c66-3f0c-48a3-a59c-99a1922b1c42","ts":"2026-01-01T07:29:24.632+00:00","eventName":"n8n.node.finished","message":"n8n.node.finished","payload":{"workflowId":"CVaHpLgSYnX8BtoV","workflowName":"네이버 뉴스 → 텔레그램 알림","executionId":"9","nodeType":"n8n-nodes-base.httpRequest","nodeName":"Fetch RSS","nodeId":"a58f72fc-5403-41a3-bc8d-115636ab3560"}}
{"__type":"$$EventMessageConfirm","confirm":"dbb74c66-3f0c-48a3-a59c-99a1922b1c42","ts":"2026-01-01T07:29:24.632+00:00","source":{"id":"0","name":"eventBus"}}
{"__type":"$$EventMessageNode","id":"db90edc0-c114-4335-af7a-a805df5dbac8","ts":"2026-01-01T07:29:24.633+00:00","eventName":"n8n.node.started","message":"n8n.node.started","payload":{"workflowId":"CVaHpLgSYnX8BtoV","workflowName":"네이버 뉴스 → 텔레그램 알림","executionId":"9","nodeType":"n8n-nodes-base.function","nodeName":"Parse RSS to JSON","nodeId":"25342c29-724a-4f42-80e5-ddc86f576a90"}}
{"__type":"$$EventMessageConfirm","confirm":"db90edc0-c114-4335-af7a-a805df5dbac8","ts":"2026-01-01T07:29:24.633+00:00","source":{"id":"0","name":"eventBus"}}
{"__type":"$$EventMessageNode","id":"072559f8-55c5-4965-bfb2-b2ad15555144","ts":"2026-01-01T16:29:24.676+09:00","eventName":"n8n.node.finished","message":"n8n.node.finished","payload":{"workflowId":"CVaHpLgSYnX8BtoV","workflowName":"네이버 뉴스 → 텔레그램 알림","executionId":"9","nodeType":"n8n-nodes-base.function","nodeName":"Parse RSS to JSON","nodeId":"25342c29-724a-4f42-80e5-ddc86f576a90"}}
{"__type":"$$EventMessageConfirm","confirm":"072559f8-55c5-4965-bfb2-b2ad15555144","ts":"2026-01-01T16:29:24.676+09:00","source":{"id":"0","name":"eventBus"}}
{"__type":"$$EventMessageWorkflow","id":"77ccb9d4-31b7-48ec-bc1c-6c44c505f045","ts":"2026-01-01T16:29:24.678+09:00","eventName":"n8n.workflow.failed","message":"n8n.workflow.failed","payload":{"userId":"ac0fb4b0-f1e6-4d1c-98b3-8f7e111544ba","executionId":"9","success":false,"isManual":true,"workflowId":"CVaHpLgSYnX8BtoV","workflowName":"네이버 뉴스 → 텔레그램 알림","lastNodeExecuted":"Parse RSS to JSON","errorMessage":"Cannot find module 'xml2js' [Line 2]"}}
{"__type":"$$EventMessageConfirm","confirm":"77ccb9d4-31b7-48ec-bc1c-6c44c505f045","ts":"2026-01-01T16:29:24.679+09:00","source":{"id":"0","name":"eventBus"}}
{"__type":"$$EventMessageWorkflow","id":"9ade62f1-01be-4412-80b8-e48df0b169b3","ts":"2026-01-01T16:29:31.109+09:00","eventName":"n8n.workflow.started","message":"n8n.workflow.started","payload":{"executionId":"10","workflowId":"CVaHpLgSYnX8BtoV","isManual":false,"workflowName":"네이버 뉴스 → 텔레그램 알림"}}
{"__type":"$$EventMessageConfirm","confirm":"9ade62f1-01be-4412-80b8-e48df0b169b3","ts":"2026-01-01T16:29:31.110+09:00","source":{"id":"0","name":"eventBus"}}
{"__type":"$$EventMessageNode","id":"6a423e44-8542-4653-bd64-a02dcfaa9276","ts":"2026-01-01T16:29:31.111+09:00","eventName":"n8n.node.started","message":"n8n.node.started","payload":{"workflowId":"CVaHpLgSYnX8BtoV","workflowName":"네이버 뉴스 → 텔레그램 알림","executionId":"10","nodeType":"n8n-nodes-base.cron","nodeName":"Cron","nodeId":"f970747c-842d-45af-880c-a14f4843f075"}}
{"__type":"$$EventMessageConfirm","confirm":"6a423e44-8542-4653-bd64-a02dcfaa9276","ts":"2026-01-01T16:29:31.111+09:00","source":{"id":"0","name":"eventBus"}}
{"__type":"$$EventMessageNode","id":"41dbedcd-286c-46c7-84fc-cc36dccdf1a8","ts":"2026-01-01T16:29:31.117+09:00","eventName":"n8n.node.finished","message":"n8n.node.finished","payload":{"workflowId":"CVaHpLgSYnX8BtoV","workflowName":"네이버 뉴스 → 텔레그램 알림","executionId":"10","nodeType":"n8n-nodes-base.cron","nodeName":"Cron","nodeId":"f970747c-842d-45af-880c-a14f4843f075"}}
{"__type":"$$EventMessageConfirm","confirm":"41dbedcd-286c-46c7-84fc-cc36dccdf1a8","ts":"2026-01-01T16:29:31.117+09:00","source":{"id":"0","name":"eventBus"}}
{"__type":"$$EventMessageNode","id":"1f25dc21-aec0-4abe-be9c-ae82983f1214","ts":"2026-01-01T16:29:31.118+09:00","eventName":"n8n.node.started","message":"n8n.node.started","payload":{"workflowId":"CVaHpLgSYnX8BtoV","workflowName":"네이버 뉴스 → 텔레그램 알림","executionId":"10","nodeType":"n8n-nodes-base.httpRequest","nodeName":"Fetch RSS","nodeId":"a58f72fc-5403-41a3-bc8d-115636ab3560"}}
{"__type":"$$EventMessageConfirm","confirm":"1f25dc21-aec0-4abe-be9c-ae82983f1214","ts":"2026-01-01T16:29:31.118+09:00","source":{"id":"0","name":"eventBus"}}
{"__type":"$$EventMessageNode","id":"4517cd47-4e3b-4dac-8b2a-deb81e2ec1b7","ts":"2026-01-01T16:29:31.119+09:00","eventName":"n8n.node.finished","message":"n8n.node.finished","payload":{"workflowId":"CVaHpLgSYnX8BtoV","workflowName":"네이버 뉴스 → 텔레그램 알림","executionId":"10","nodeType":"n8n-nodes-base.httpRequest","nodeName":"Fetch RSS","nodeId":"a58f72fc-5403-41a3-bc8d-115636ab3560"}}
{"__type":"$$EventMessageConfirm","confirm":"4517cd47-4e3b-4dac-8b2a-deb81e2ec1b7","ts":"2026-01-01T16:29:31.119+09:00","source":{"id":"0","name":"eventBus"}}
{"__type":"$$EventMessageNode","id":"9f126e9b-0af3-430b-b184-f34b50ba7d16","ts":"2026-01-01T16:29:31.120+09:00","eventName":"n8n.node.started","message":"n8n.node.started","payload":{"workflowId":"CVaHpLgSYnX8BtoV","workflowName":"네이버 뉴스 → 텔레그램 알림","executionId":"10","nodeType":"n8n-nodes-base.function","nodeName":"Parse RSS to JSON","nodeId":"25342c29-724a-4f42-80e5-ddc86f576a90"}}
{"__type":"$$EventMessageConfirm","confirm":"9f126e9b-0af3-430b-b184-f34b50ba7d16","ts":"2026-01-01T16:29:31.121+09:00","source":{"id":"0","name":"eventBus"}}
{"__type":"$$EventMessageNode","id":"499c84bd-0ff8-489a-aedd-b780abca3239","ts":"2026-01-01T16:29:31.121+09:00","eventName":"n8n.node.finished","message":"n8n.node.finished","payload":{"workflowId":"CVaHpLgSYnX8BtoV","workflowName":"네이버 뉴스 → 텔레그램 알림","executionId":"10","nodeType":"n8n-nodes-base.function","nodeName":"Parse RSS to JSON","nodeId":"25342c29-724a-4f42-80e5-ddc86f576a90"}}
{"__type":"$$EventMessageConfirm","confirm":"499c84bd-0ff8-489a-aedd-b780abca3239","ts":"2026-01-01T16:29:31.121+09:00","source":{"id":"0","name":"eventBus"}}
{"__type":"$$EventMessageNode","id":"ecdb1e0e-7765-417e-8048-0f4be74c7bef","ts":"2026-01-01T16:29:31.122+09:00","eventName":"n8n.node.started","message":"n8n.node.started","payload":{"workflowId":"CVaHpLgSYnX8BtoV","workflowName":"네이버 뉴스 → 텔레그램 알림","executionId":"10","nodeType":"n8n-nodes-base.function","nodeName":"Filter Duplicates","nodeId":"d7c6c4ce-4f8f-4671-930b-a9ca2690f06b"}}
{"__type":"$$EventMessageConfirm","confirm":"ecdb1e0e-7765-417e-8048-0f4be74c7bef","ts":"2026-01-01T16:29:31.122+09:00","source":{"id":"0","name":"eventBus"}}
{"__type":"$$EventMessageNode","id":"594400d2-2d11-4af9-acb0-662c5284635c","ts":"2026-01-01T16:29:31.134+09:00","eventName":"n8n.node.finished","message":"n8n.node.finished","payload":{"workflowId":"CVaHpLgSYnX8BtoV","workflowName":"네이버 뉴스 → 텔레그램 알림","executionId":"10","nodeType":"n8n-nodes-base.function","nodeName":"Filter Duplicates","nodeId":"d7c6c4ce-4f8f-4671-930b-a9ca2690f06b"}}
{"__type":"$$EventMessageConfirm","confirm":"594400d2-2d11-4af9-acb0-662c5284635c","ts":"2026-01-01T16:29:31.134+09:00","source":{"id":"0","name":"eventBus"}}
{"__type":"$$EventMessageNode","id":"8a589c63-4874-4ab2-b213-928b5ddb67cd","ts":"2026-01-01T16:29:31.136+09:00","eventName":"n8n.node.started","message":"n8n.node.started","payload":{"workflowId":"CVaHpLgSYnX8BtoV","workflowName":"네이버 뉴스 → 텔레그램 알림","executionId":"10","nodeType":"n8n-nodes-base.httpRequest","nodeName":"Send Telegram","nodeId":"361c277f-380b-4161-9ae5-0514fb1d2a23"}}
{"__type":"$$EventMessageConfirm","confirm":"8a589c63-4874-4ab2-b213-928b5ddb67cd","ts":"2026-01-01T16:29:31.136+09:00","source":{"id":"0","name":"eventBus"}}
{"__type":"$$EventMessageNode","id":"bf980bb9-f145-46da-b75c-3a97c61e86ea","ts":"2026-01-01T16:29:31.197+09:00","eventName":"n8n.node.finished","message":"n8n.node.finished","payload":{"workflowId":"CVaHpLgSYnX8BtoV","workflowName":"네이버 뉴스 → 텔레그램 알림","executionId":"10","nodeType":"n8n-nodes-base.httpRequest","nodeName":"Send Telegram","nodeId":"361c277f-380b-4161-9ae5-0514fb1d2a23"}}
{"__type":"$$EventMessageConfirm","confirm":"bf980bb9-f145-46da-b75c-3a97c61e86ea","ts":"2026-01-01T16:29:31.198+09:00","source":{"id":"0","name":"eventBus"}}
{"__type":"$$EventMessageWorkflow","id":"49dc634b-b11b-470e-86cb-bdfc37e1cc61","ts":"2026-01-01T16:29:31.202+09:00","eventName":"n8n.workflow.failed","message":"n8n.workflow.failed","payload":{"userId":"ac0fb4b0-f1e6-4d1c-98b3-8f7e111544ba","executionId":"10","success":false,"isManual":true,"workflowId":"CVaHpLgSYnX8BtoV","workflowName":"네이버 뉴스 → 텔레그램 알림","lastNodeExecuted":"Send Telegram","errorMessage":"access to env vars denied"}}
{"__type":"$$EventMessageConfirm","confirm":"49dc634b-b11b-470e-86cb-bdfc37e1cc61","ts":"2026-01-01T16:29:31.202+09:00","source":{"id":"0","name":"eventBus"}}
{"__type":"$$EventMessageWorkflow","id":"8b575997-aba3-4d85-b654-e1a1ffda4d34","ts":"2026-01-01T16:29:39.135+09:00","eventName":"n8n.workflow.started","message":"n8n.workflow.started","payload":{"executionId":"11","workflowId":"CVaHpLgSYnX8BtoV","isManual":false,"workflowName":"네이버 뉴스 → 텔레그램 알림"}}
{"__type":"$$EventMessageConfirm","confirm":"8b575997-aba3-4d85-b654-e1a1ffda4d34","ts":"2026-01-01T16:29:39.135+09:00","source":{"id":"0","name":"eventBus"}}
{"__type":"$$EventMessageNode","id":"585f4c99-3954-4ef2-b0dd-fe3d8f4fa62e","ts":"2026-01-01T16:29:39.136+09:00","eventName":"n8n.node.started","message":"n8n.node.started","payload":{"workflowId":"CVaHpLgSYnX8BtoV","workflowName":"네이버 뉴스 → 텔레그램 알림","executionId":"11","nodeType":"n8n-nodes-base.cron","nodeName":"Cron","nodeId":"f970747c-842d-45af-880c-a14f4843f075"}}
{"__type":"$$EventMessageConfirm","confirm":"585f4c99-3954-4ef2-b0dd-fe3d8f4fa62e","ts":"2026-01-01T16:29:39.137+09:00","source":{"id":"0","name":"eventBus"}}
{"__type":"$$EventMessageNode","id":"f57780ce-da74-4230-8abe-497cd70971ee","ts":"2026-01-01T16:29:39.141+09:00","eventName":"n8n.node.finished","message":"n8n.node.finished","payload":{"workflowId":"CVaHpLgSYnX8BtoV","workflowName":"네이버 뉴스 → 텔레그램 알림","executionId":"11","nodeType":"n8n-nodes-base.cron","nodeName":"Cron","nodeId":"f970747c-842d-45af-880c-a14f4843f075"}}
{"__type":"$$EventMessageConfirm","confirm":"f57780ce-da74-4230-8abe-497cd70971ee","ts":"2026-01-01T16:29:39.141+09:00","source":{"id":"0","name":"eventBus"}}
{"__type":"$$EventMessageNode","id":"f6fbda07-4886-4d6c-a334-a52d33d3103b","ts":"2026-01-01T16:29:39.142+09:00","eventName":"n8n.node.started","message":"n8n.node.started","payload":{"workflowId":"CVaHpLgSYnX8BtoV","workflowName":"네이버 뉴스 → 텔레그램 알림","executionId":"11","nodeType":"n8n-nodes-base.httpRequest","nodeName":"Fetch RSS","nodeId":"a58f72fc-5403-41a3-bc8d-115636ab3560"}}
{"__type":"$$EventMessageConfirm","confirm":"f6fbda07-4886-4d6c-a334-a52d33d3103b","ts":"2026-01-01T16:29:39.142+09:00","source":{"id":"0","name":"eventBus"}}
{"__type":"$$EventMessageNode","id":"777e1e03-12a8-4035-86c5-4a9242537366","ts":"2026-01-01T16:29:39.142+09:00","eventName":"n8n.node.finished","message":"n8n.node.finished","payload":{"workflowId":"CVaHpLgSYnX8BtoV","workflowName":"네이버 뉴스 → 텔레그램 알림","executionId":"11","nodeType":"n8n-nodes-base.httpRequest","nodeName":"Fetch RSS","nodeId":"a58f72fc-5403-41a3-bc8d-115636ab3560"}}
{"__type":"$$EventMessageConfirm","confirm":"777e1e03-12a8-4035-86c5-4a9242537366","ts":"2026-01-01T16:29:39.143+09:00","source":{"id":"0","name":"eventBus"}}
{"__type":"$$EventMessageNode","id":"0d45a06b-45ef-4e7b-b615-dfe318482b4f","ts":"2026-01-01T16:29:39.143+09:00","eventName":"n8n.node.started","message":"n8n.node.started","payload":{"workflowId":"CVaHpLgSYnX8BtoV","workflowName":"네이버 뉴스 → 텔레그램 알림","executionId":"11","nodeType":"n8n-nodes-base.function","nodeName":"Parse RSS to JSON","nodeId":"25342c29-724a-4f42-80e5-ddc86f576a90"}}
{"__type":"$$EventMessageConfirm","confirm":"0d45a06b-45ef-4e7b-b615-dfe318482b4f","ts":"2026-01-01T16:29:39.143+09:00","source":{"id":"0","name":"eventBus"}}
{"__type":"$$EventMessageNode","id":"da0269c7-a3fa-4378-b90f-d58a8d586dfc","ts":"2026-01-01T16:29:39.144+09:00","eventName":"n8n.node.finished","message":"n8n.node.finished","payload":{"workflowId":"CVaHpLgSYnX8BtoV","workflowName":"네이버 뉴스 → 텔레그램 알림","executionId":"11","nodeType":"n8n-nodes-base.function","nodeName":"Parse RSS to JSON","nodeId":"25342c29-724a-4f42-80e5-ddc86f576a90"}}
{"__type":"$$EventMessageConfirm","confirm":"da0269c7-a3fa-4378-b90f-d58a8d586dfc","ts":"2026-01-01T16:29:39.144+09:00","source":{"id":"0","name":"eventBus"}}
{"__type":"$$EventMessageNode","id":"07fac976-e770-4d1e-a613-f1126edf257a","ts":"2026-01-01T16:29:39.144+09:00","eventName":"n8n.node.started","message":"n8n.node.started","payload":{"workflowId":"CVaHpLgSYnX8BtoV","workflowName":"네이버 뉴스 → 텔레그램 알림","executionId":"11","nodeType":"n8n-nodes-base.function","nodeName":"Filter Duplicates","nodeId":"d7c6c4ce-4f8f-4671-930b-a9ca2690f06b"}}
{"__type":"$$EventMessageConfirm","confirm":"07fac976-e770-4d1e-a613-f1126edf257a","ts":"2026-01-01T16:29:39.144+09:00","source":{"id":"0","name":"eventBus"}}
{"__type":"$$EventMessageNode","id":"c5af722a-8720-4eaa-91e4-bfc1fc338266","ts":"2026-01-01T16:29:39.153+09:00","eventName":"n8n.node.finished","message":"n8n.node.finished","payload":{"workflowId":"CVaHpLgSYnX8BtoV","workflowName":"네이버 뉴스 → 텔레그램 알림","executionId":"11","nodeType":"n8n-nodes-base.function","nodeName":"Filter Duplicates","nodeId":"d7c6c4ce-4f8f-4671-930b-a9ca2690f06b"}}
{"__type":"$$EventMessageConfirm","confirm":"c5af722a-8720-4eaa-91e4-bfc1fc338266","ts":"2026-01-01T16:29:39.154+09:00","source":{"id":"0","name":"eventBus"}}
{"__type":"$$EventMessageNode","id":"745af6e5-4057-400d-bb93-a6991439ad0b","ts":"2026-01-01T16:29:39.155+09:00","eventName":"n8n.node.started","message":"n8n.node.started","payload":{"workflowId":"CVaHpLgSYnX8BtoV","workflowName":"네이버 뉴스 → 텔레그램 알림","executionId":"11","nodeType":"n8n-nodes-base.httpRequest","nodeName":"Send Telegram","nodeId":"361c277f-380b-4161-9ae5-0514fb1d2a23"}}
{"__type":"$$EventMessageConfirm","confirm":"745af6e5-4057-400d-bb93-a6991439ad0b","ts":"2026-01-01T16:29:39.155+09:00","source":{"id":"0","name":"eventBus"}}
{"__type":"$$EventMessageNode","id":"e090d5ad-d089-4474-9988-b60b6d9f9bd1","ts":"2026-01-01T16:29:39.155+09:00","eventName":"n8n.node.finished","message":"n8n.node.finished","payload":{"workflowId":"CVaHpLgSYnX8BtoV","workflowName":"네이버 뉴스 → 텔레그램 알림","executionId":"11","nodeType":"n8n-nodes-base.httpRequest","nodeName":"Send Telegram","nodeId":"361c277f-380b-4161-9ae5-0514fb1d2a23"}}
{"__type":"$$EventMessageConfirm","confirm":"e090d5ad-d089-4474-9988-b60b6d9f9bd1","ts":"2026-01-01T16:29:39.155+09:00","source":{"id":"0","name":"eventBus"}}
{"__type":"$$EventMessageWorkflow","id":"c755f9ee-f66b-4e0e-a453-b5288dc23bbd","ts":"2026-01-01T16:29:39.158+09:00","eventName":"n8n.workflow.success","message":"n8n.workflow.success","payload":{"userId":"ac0fb4b0-f1e6-4d1c-98b3-8f7e111544ba","executionId":"11","success":true,"isManual":true,"workflowId":"CVaHpLgSYnX8BtoV","workflowName":"네이버 뉴스 → 텔레그램 알림"}}
{"__type":"$$EventMessageConfirm","confirm":"c755f9ee-f66b-4e0e-a453-b5288dc23bbd","ts":"2026-01-01T16:29:39.158+09:00","source":{"id":"0","name":"eventBus"}}
{"__type":"$$EventMessageAudit","id":"5a71aaae-950b-4e7c-b90e-744fa4d72c51","ts":"2026-01-01T16:29:59.219+09:00","eventName":"n8n.audit.workflow.updated","message":"n8n.audit.workflow.updated","payload":{"userId":"ac0fb4b0-f1e6-4d1c-98b3-8f7e111544ba","_email":"kjh9171@naver.com","_firstName":"jonghwan","_lastName":"kim","globalRole":"global:owner","workflowId":"CVaHpLgSYnX8BtoV","workflowName":"네이버 뉴스 → 텔레그램 알림"}}
{"__type":"$$EventMessageConfirm","confirm":"5a71aaae-950b-4e7c-b90e-744fa4d72c51","ts":"2026-01-01T16:29:59.220+09:00","source":{"id":"0","name":"eventBus"}}
{"__type":"$$EventMessageWorkflow","id":"ac0d0aca-b6cb-415f-9684-7910c03877de","ts":"2026-01-01T16:30:09.302+09:00","eventName":"n8n.workflow.started","message":"n8n.workflow.started","payload":{"executionId":"12","workflowId":"CVaHpLgSYnX8BtoV","isManual":false,"workflowName":"네이버 뉴스 → 텔레그램 알림"}}
{"__type":"$$EventMessageConfirm","confirm":"ac0d0aca-b6cb-415f-9684-7910c03877de","ts":"2026-01-01T16:30:09.302+09:00","source":{"id":"0","name":"eventBus"}}
{"__type":"$$EventMessageNode","id":"d4eb20ff-3032-4ba3-9eeb-6a943e372163","ts":"2026-01-01T16:30:09.303+09:00","eventName":"n8n.node.started","message":"n8n.node.started","payload":{"workflowId":"CVaHpLgSYnX8BtoV","workflowName":"네이버 뉴스 → 텔레그램 알림","executionId":"12","nodeType":"n8n-nodes-base.cron","nodeName":"Cron","nodeId":"f970747c-842d-45af-880c-a14f4843f075"}}
{"__type":"$$EventMessageConfirm","confirm":"d4eb20ff-3032-4ba3-9eeb-6a943e372163","ts":"2026-01-01T16:30:09.304+09:00","source":{"id":"0","name":"eventBus"}}
{"__type":"$$EventMessageNode","id":"ce2d5a56-3ee3-4769-a487-f831e619ab65","ts":"2026-01-01T16:30:09.311+09:00","eventName":"n8n.node.finished","message":"n8n.node.finished","payload":{"workflowId":"CVaHpLgSYnX8BtoV","workflowName":"네이버 뉴스 → 텔레그램 알림","executionId":"12","nodeType":"n8n-nodes-base.cron","nodeName":"Cron","nodeId":"f970747c-842d-45af-880c-a14f4843f075"}}
{"__type":"$$EventMessageConfirm","confirm":"ce2d5a56-3ee3-4769-a487-f831e619ab65","ts":"2026-01-01T16:30:09.311+09:00","source":{"id":"0","name":"eventBus"}}
{"__type":"$$EventMessageNode","id":"2c1c72ea-833e-4cd7-ba14-3f8559e69b69","ts":"2026-01-01T16:30:09.311+09:00","eventName":"n8n.node.started","message":"n8n.node.started","payload":{"workflowId":"CVaHpLgSYnX8BtoV","workflowName":"네이버 뉴스 → 텔레그램 알림","executionId":"12","nodeType":"n8n-nodes-base.httpRequest","nodeName":"Fetch RSS","nodeId":"a58f72fc-5403-41a3-bc8d-115636ab3560"}}
{"__type":"$$EventMessageConfirm","confirm":"2c1c72ea-833e-4cd7-ba14-3f8559e69b69","ts":"2026-01-01T16:30:09.312+09:00","source":{"id":"0","name":"eventBus"}}
{"__type":"$$EventMessageNode","id":"9f04ce69-dad9-435d-a0b5-5957d6e27dd5","ts":"2026-01-01T16:30:09.449+09:00","eventName":"n8n.node.finished","message":"n8n.node.finished","payload":{"workflowId":"CVaHpLgSYnX8BtoV","workflowName":"네이버 뉴스 → 텔레그램 알림","executionId":"12","nodeType":"n8n-nodes-base.httpRequest","nodeName":"Fetch RSS","nodeId":"a58f72fc-5403-41a3-bc8d-115636ab3560"}}
{"__type":"$$EventMessageConfirm","confirm":"9f04ce69-dad9-435d-a0b5-5957d6e27dd5","ts":"2026-01-01T16:30:09.449+09:00","source":{"id":"0","name":"eventBus"}}
{"__type":"$$EventMessageWorkflow","id":"9e9ca669-b58e-4532-a001-a3d332150ea8","ts":"2026-01-01T16:30:09.452+09:00","eventName":"n8n.workflow.failed","message":"n8n.workflow.failed","payload":{"userId":"ac0fb4b0-f1e6-4d1c-98b3-8f7e111544ba","executionId":"12","success":false,"isManual":true,"workflowId":"CVaHpLgSYnX8BtoV","workflowName":"네이버 뉴스 → 텔레그램 알림","lastNodeExecuted":"Fetch RSS","errorNodeType":"n8n-nodes-base.httpRequest","errorMessage":"The resource you are requesting could not be found"}}
{"__type":"$$EventMessageConfirm","confirm":"9e9ca669-b58e-4532-a001-a3d332150ea8","ts":"2026-01-01T16:30:09.452+09:00","source":{"id":"0","name":"eventBus"}}
