{"__type":"$$EventMessageWorkflow","id":"61cbf4a0-400c-411b-a367-532f50c11a52","ts":"2026-01-01T07:21:49.453+00:00","eventName":"n8n.workflow.started","message":"n8n.workflow.started","payload":{"executionId":"6","workflowId":"CVaHpLgSYnX8BtoV","isManual":false,"workflowName":"네이버 뉴스 → 텔레그램 알림"}}
{"__type":"$$EventMessageConfirm","confirm":"61cbf4a0-400c-411b-a367-532f50c11a52","ts":"2026-01-01T07:21:49.454+00:00","source":{"id":"0","name":"eventBus"}}
{"__type":"$$EventMessageNode","id":"5177d85d-4026-4a09-917d-0ec199570431","ts":"2026-01-01T07:21:49.456+00:00","eventName":"n8n.node.started","message":"n8n.node.started","payload":{"workflowId":"CVaHpLgSYnX8BtoV","workflowName":"네이버 뉴스 → 텔레그램 알림","executionId":"6","nodeType":"n8n-nodes-base.cron","nodeName":"Cron","nodeId":"f970747c-842d-45af-880c-a14f4843f075"}}
{"__type":"$$EventMessageConfirm","confirm":"5177d85d-4026-4a09-917d-0ec199570431","ts":"2026-01-01T07:21:49.457+00:00","source":{"id":"0","name":"eventBus"}}
{"__type":"$$EventMessageNode","id":"d79b52a8-bb90-4adb-8559-018c49e6f7e7","ts":"2026-01-01T07:21:49.474+00:00","eventName":"n8n.node.finished","message":"n8n.node.finished","payload":{"workflowId":"CVaHpLgSYnX8BtoV","workflowName":"네이버 뉴스 → 텔레그램 알림","executionId":"6","nodeType":"n8n-nodes-base.cron","nodeName":"Cron","nodeId":"f970747c-842d-45af-880c-a14f4843f075"}}
{"__type":"$$EventMessageConfirm","confirm":"d79b52a8-bb90-4adb-8559-018c49e6f7e7","ts":"2026-01-01T07:21:49.474+00:00","source":{"id":"0","name":"eventBus"}}
{"__type":"$$EventMessageNode","id":"36d41748-b2ee-45d3-b2d5-5ed4dcf38466","ts":"2026-01-01T07:21:49.476+00:00","eventName":"n8n.node.started","message":"n8n.node.started","payload":{"workflowId":"CVaHpLgSYnX8BtoV","workflowName":"네이버 뉴스 → 텔레그램 알림","executionId":"6","nodeType":"n8n-nodes-base.httpRequest","nodeName":"Fetch RSS","nodeId":"a58f72fc-5403-41a3-bc8d-115636ab3560"}}
{"__type":"$$EventMessageConfirm","confirm":"36d41748-b2ee-45d3-b2d5-5ed4dcf38466","ts":"2026-01-01T07:21:49.476+00:00","source":{"id":"0","name":"eventBus"}}
{"__type":"$$EventMessageNode","id":"dca1c815-1f90-4ca7-b60e-a4ad89a10570","ts":"2026-01-01T07:21:49.718+00:00","eventName":"n8n.node.finished","message":"n8n.node.finished","payload":{"workflowId":"CVaHpLgSYnX8BtoV","workflowName":"네이버 뉴스 → 텔레그램 알림","executionId":"6","nodeType":"n8n-nodes-base.httpRequest","nodeName":"Fetch RSS","nodeId":"a58f72fc-5403-41a3-bc8d-115636ab3560"}}
{"__type":"$$EventMessageConfirm","confirm":"dca1c815-1f90-4ca7-b60e-a4ad89a10570","ts":"2026-01-01T07:21:49.719+00:00","source":{"id":"0","name":"eventBus"}}
{"__type":"$$EventMessageWorkflow","id":"65b313c3-fdf2-4717-9230-ad72af8d9167","ts":"2026-01-01T07:21:49.729+00:00","eventName":"n8n.workflow.failed","message":"n8n.workflow.failed","payload":{"userId":"ac0fb4b0-f1e6-4d1c-98b3-8f7e111544ba","executionId":"6","success":false,"isManual":true,"workflowId":"CVaHpLgSYnX8BtoV","workflowName":"네이버 뉴스 → 텔레그램 알림","lastNodeExecuted":"Fetch RSS","errorNodeType":"n8n-nodes-base.httpRequest","errorMessage":"The resource you are requesting could not be found"}}
{"__type":"$$EventMessageConfirm","confirm":"65b313c3-fdf2-4717-9230-ad72af8d9167","ts":"2026-01-01T07:21:49.729+00:00","source":{"id":"0","name":"eventBus"}}
{"__type":"$$EventMessageWorkflow","id":"b85e4149-729c-4412-aee5-d58618de1657","ts":"2026-01-01T07:21:58.066+00:00","eventName":"n8n.workflow.started","message":"n8n.workflow.started","payload":{"executionId":"7","workflowId":"CVaHpLgSYnX8BtoV","isManual":false,"workflowName":"네이버 뉴스 → 텔레그램 알림"}}
{"__type":"$$EventMessageConfirm","confirm":"b85e4149-729c-4412-aee5-d58618de1657","ts":"2026-01-01T07:21:58.066+00:00","source":{"id":"0","name":"eventBus"}}
{"__type":"$$EventMessageNode","id":"30da70af-95b8-48c6-9b58-a2cd80526e33","ts":"2026-01-01T07:21:58.068+00:00","eventName":"n8n.node.started","message":"n8n.node.started","payload":{"workflowId":"CVaHpLgSYnX8BtoV","workflowName":"네이버 뉴스 → 텔레그램 알림","executionId":"7","nodeType":"n8n-nodes-base.httpRequest","nodeName":"Fetch RSS","nodeId":"a58f72fc-5403-41a3-bc8d-115636ab3560"}}
{"__type":"$$EventMessageConfirm","confirm":"30da70af-95b8-48c6-9b58-a2cd80526e33","ts":"2026-01-01T07:21:58.068+00:00","source":{"id":"0","name":"eventBus"}}
{"__type":"$$EventMessageNode","id":"0a70e194-288f-44d7-afd0-485d106f8feb","ts":"2026-01-01T07:21:58.199+00:00","eventName":"n8n.node.finished","message":"n8n.node.finished","payload":{"workflowId":"CVaHpLgSYnX8BtoV","workflowName":"네이버 뉴스 → 텔레그램 알림","executionId":"7","nodeType":"n8n-nodes-base.httpRequest","nodeName":"Fetch RSS","nodeId":"a58f72fc-5403-41a3-bc8d-115636ab3560"}}
{"__type":"$$EventMessageConfirm","confirm":"0a70e194-288f-44d7-afd0-485d106f8feb","ts":"2026-01-01T07:21:58.199+00:00","source":{"id":"0","name":"eventBus"}}
{"__type":"$$EventMessageWorkflow","id":"b7710e7c-bf7c-47ff-bf09-a391f088441b","ts":"2026-01-01T07:21:58.201+00:00","eventName":"n8n.workflow.failed","message":"n8n.workflow.failed","payload":{"userId":"ac0fb4b0-f1e6-4d1c-98b3-8f7e111544ba","executionId":"7","success":false,"isManual":true,"workflowId":"CVaHpLgSYnX8BtoV","workflowName":"네이버 뉴스 → 텔레그램 알림","lastNodeExecuted":"Fetch RSS","errorNodeType":"n8n-nodes-base.httpRequest","errorMessage":"The resource you are requesting could not be found"}}
{"__type":"$$EventMessageConfirm","confirm":"b7710e7c-bf7c-47ff-bf09-a391f088441b","ts":"2026-01-01T07:21:58.202+00:00","source":{"id":"0","name":"eventBus"}}
